# JRE version: OpenJDK Runtime Environment Temurin-21.0.10+7 (21.0.10+7) (build 21.0.10+7-LTS)
# Java VM: OpenJDK 64-Bit Server VM Temurin-21.0.10+7 (21.0.10+7-LTS, mixed mode, sharing, tiered, compressed oops, compressed class ptrs, parallel gc, windows-amd64)
GC Precious Log:
 CardTable entry size: 512
 CPUs: 8 total, 8 available
 Memory: 16263M
 Large Page Support: Disabled
 NUMA Support: Disabled
 Compressed Oops: Enabled (32-bit)
 Alignments: Space 512K, Generation 512K, Heap 2M
 Heap Min Capacity: 100M
 Heap Initial Capacity: 100M
 Heap Max Capacity: 2G
 Pre-touch: Disabled
 Parallel Workers: 8
Heap:
 PSYoungGen      total 7168K, used 4453K [0x00000000d5580000, 0x00000000d6100000, 0x0000000100000000)
  eden space 5632K, 51% used [0x00000000d5580000,0x00000000d58594d8,0x00000000d5b00000)
  from space 1536K, 100% used [0x00000000d5e00000,0x00000000d5f80000,0x00000000d5f80000)
  to   space 3072K, 0% used [0x00000000d5b00000,0x00000000d5b00000,0x00000000d5e00000)
 ParOldGen       total 444416K, used 444253K [0x0000000080000000, 0x000000009b200000, 0x00000000d5580000)
  object space 444416K, 99% used [0x0000000080000000,0x000000009b1d74d8,0x000000009b200000)
 Metaspace       used 85608K, committed 87488K, reserved 1179648K
  class space    used 8632K, committed 9536K, reserved 1048576K
GC Heap History (20 events):
Event: 12830.829 GC heap before
{Heap before GC invocations=1333 (full 4):
 PSYoungGen      total 3584K, used 3520K [0x00000000d5580000, 0x00000000d5a00000, 0x0000000100000000)
  eden space 3072K, 100% used [0x00000000d5580000,0x00000000d5880000,0x00000000d5880000)
  from space 512K, 87% used [0x00000000d5980000,0x00000000d59f0000,0x00000000d5a00000)
  to   space 512K, 0% used [0x00000000d5900000,0x00000000d5900000,0x00000000d5980000)
 ParOldGen       total 436736K, used 436595K [0x0000000080000000, 0x000000009aa80000, 0x00000000d5580000)
  object space 436736K, 99% used [0x0000000080000000,0x000000009aa5cfa8,0x000000009aa80000)
 Metaspace       used 85585K, committed 87488K, reserved 1179648K
  class space    used 8631K, committed 9536K, reserved 1048576K
}
Event: 12830.830 GC heap after
{Heap after GC invocations=1333 (full 4):
 PSYoungGen      total 3584K, used 384K [0x00000000d5580000, 0x00000000d5a00000, 0x0000000100000000)
  eden space 3072K, 0% used [0x00000000d5580000,0x00000000d5580000,0x00000000d5880000)
  from space 512K, 75% used [0x00000000d5900000,0x00000000d5960000,0x00000000d5980000)
  to   space 512K, 0% used [0x00000000d5980000,0x00000000d5980000,0x00000000d5a00000)
 ParOldGen       total 437248K, used 436931K [0x0000000080000000, 0x000000009ab00000, 0x00000000d5580000)
  object space 437248K, 99% used [0x0000000080000000,0x000000009aab0fa8,0x000000009ab00000)
 Metaspace       used 85585K, committed 87488K, reserved 1179648K
  class space    used 8631K, committed 9536K, reserved 1048576K
}
Event: 12830.838 GC heap before
{Heap before GC invocations=1334 (full 4):
 PSYoungGen      total 3584K, used 3456K [0x00000000d5580000, 0x00000000d5a00000, 0x0000000100000000)
  eden space 3072K, 100% used [0x00000000d5580000,0x00000000d5880000,0x00000000d5880000)
  from space 512K, 75% used [0x00000000d5900000,0x00000000d5960000,0x00000000d5980000)
  to   space 512K, 0% used [0x00000000d5980000,0x00000000d5980000,0x00000000d5a00000)
 ParOldGen       total 437248K, used 436931K [0x0000000080000000, 0x000000009ab00000, 0x00000000d5580000)
  object space 437248K, 99% used [0x0000000080000000,0x000000009aab0fa8,0x000000009ab00000)
 Metaspace       used 85585K, committed 87488K, reserved 1179648K
  class space    used 8631K, committed 9536K, reserved 1048576K
}
Event: 12830.840 GC heap after
{Heap after GC invocations=1334 (full 4):
 PSYoungGen      total 3584K, used 480K [0x00000000d5580000, 0x00000000d5a00000, 0x0000000100000000)
  eden space 3072K, 0% used [0x00000000d5580000,0x00000000d5580000,0x00000000d5880000)
  from space 512K, 93% used [0x00000000d5980000,0x00000000d59f8000,0x00000000d5a00000)
  to   space 512K, 0% used [0x00000000d5900000,0x00000000d5900000,0x00000000d5980000)
 ParOldGen       total 437248K, used 437211K [0x0000000080000000, 0x000000009ab00000, 0x00000000d5580000)
  object space 437248K, 99% used [0x0000000080000000,0x000000009aaf6fe8,0x000000009ab00000)
 Metaspace       used 85585K, committed 87488K, reserved 1179648K
  class space    used 8631K, committed 9536K, reserved 1048576K
}
Event: 12830.845 GC heap before
{Heap before GC invocations=1335 (full 4):
 PSYoungGen      total 3584K, used 3552K [0x00000000d5580000, 0x00000000d5a00000, 0x0000000100000000)
  eden space 3072K, 100% used [0x00000000d5580000,0x00000000d5880000,0x00000000d5880000)
  from space 512K, 93% used [0x00000000d5980000,0x00000000d59f8000,0x00000000d5a00000)
  to   space 512K, 0% used [0x00000000d5900000,0x00000000d5900000,0x00000000d5980000)
 ParOldGen       total 437248K, used 437211K [0x0000000080000000, 0x000000009ab00000, 0x00000000d5580000)
  object space 437248K, 99% used [0x0000000080000000,0x000000009aaf6fe8,0x000000009ab00000)
 Metaspace       used 85585K, committed 87488K, reserved 1179648K
  class space    used 8631K, committed 9536K, reserved 1048576K
}
Event: 12830.846 GC heap after
{Heap after GC invocations=1335 (full 4):
 PSYoungGen      total 3584K, used 416K [0x00000000d5580000, 0x00000000d5a00000, 0x0000000100000000)
  eden space 3072K, 0% used [0x00000000d5580000,0x00000000d5580000,0x00000000d5880000)
  from space 512K, 81% used [0x00000000d5900000,0x00000000d5968000,0x00000000d5980000)
  to   space 512K, 0% used [0x00000000d5980000,0x00000000d5980000,0x00000000d5a00000)
 ParOldGen       total 437760K, used 437584K [0x0000000080000000, 0x000000009ab80000, 0x00000000d5580000)
  object space 437760K, 99% used [0x0000000080000000,0x000000009ab543c0,0x000000009ab80000)
 Metaspace       used 85585K, committed 87488K, reserved 1179648K
  class space    used 8631K, committed 9536K, reserved 1048576K
}
Event: 12830.854 GC heap before
{Heap before GC invocations=1336 (full 4):
 PSYoungGen      total 3584K, used 3488K [0x00000000d5580000, 0x00000000d5a00000, 0x0000000100000000)
  eden space 3072K, 100% used [0x00000000d5580000,0x00000000d5880000,0x00000000d5880000)
  from space 512K, 81% used [0x00000000d5900000,0x00000000d5968000,0x00000000d5980000)
  to   space 512K, 0% used [0x00000000d5980000,0x00000000d5980000,0x00000000d5a00000)
 ParOldGen       total 437760K, used 437584K [0x0000000080000000, 0x000000009ab80000, 0x00000000d5580000)
  object space 437760K, 99% used [0x0000000080000000,0x000000009ab543c0,0x000000009ab80000)
 Metaspace       used 85585K, committed 87488K, reserved 1179648K
  class space    used 8631K, committed 9536K, reserved 1048576K
}
Event: 12830.856 GC heap after
{Heap after GC invocations=1336 (full 4):
 PSYoungGen      total 3584K, used 444K [0x00000000d5580000, 0x00000000d5a00000, 0x0000000100000000)
  eden space 3072K, 0% used [0x00000000d5580000,0x00000000d5580000,0x00000000d5880000)
  from space 512K, 86% used [0x00000000d5980000,0x00000000d59ef230,0x00000000d5a00000)
  to   space 512K, 0% used [0x00000000d5900000,0x00000000d5900000,0x00000000d5980000)
 ParOldGen       total 438272K, used 437865K [0x0000000080000000, 0x000000009ac00000, 0x00000000d5580000)
  object space 438272K, 99% used [0x0000000080000000,0x000000009ab9a400,0x000000009ac00000)
 Metaspace       used 85585K, committed 87488K, reserved 1179648K
  class space    used 8631K, committed 9536K, reserved 1048576K
}
Event: 12830.861 GC heap before
{Heap before GC invocations=1337 (full 4):
 PSYoungGen      total 3584K, used 3516K [0x00000000d5580000, 0x00000000d5a00000, 0x0000000100000000)
  eden space 3072K, 99% used [0x00000000d5580000,0x00000000d587fff8,0x00000000d5880000)
  from space 512K, 86% used [0x00000000d5980000,0x00000000d59ef230,0x00000000d5a00000)
  to   space 512K, 0% used [0x00000000d5900000,0x00000000d5900000,0x00000000d5980000)
 ParOldGen       total 438272K, used 437865K [0x0000000080000000, 0x000000009ac00000, 0x00000000d5580000)
  object space 438272K, 99% used [0x0000000080000000,0x000000009ab9a400,0x000000009ac00000)
 Metaspace       used 85586K, committed 87488K, reserved 1179648K
  class space    used 8631K, committed 9536K, reserved 1048576K
}
Event: 12830.863 GC heap after
{Heap after GC invocations=1337 (full 4):
 PSYoungGen      total 4096K, used 481K [0x00000000d5580000, 0x00000000d5e80000, 0x0000000100000000)
  eden space 3584K, 0% used [0x00000000d5580000,0x00000000d5580000,0x00000000d5900000)
  from space 512K, 93% used [0x00000000d5900000,0x00000000d5978448,0x00000000d5980000)
  to   space 2560K, 0% used [0x00000000d5c00000,0x00000000d5c00000,0x00000000d5e80000)
 ParOldGen       total 439296K, used 439262K [0x0000000080000000, 0x000000009ad00000, 0x00000000d5580000)
  object space 439296K, 99% used [0x0000000080000000,0x000000009acf7a98,0x000000009ad00000)
 Metaspace       used 85586K, committed 87488K, reserved 1179648K
  class space    used 8631K, committed 9536K, reserved 1048576K
}
Event: 12830.869 GC heap before
{Heap before GC invocations=1338 (full 4):
 PSYoungGen      total 4096K, used 4065K [0x00000000d5580000, 0x00000000d5e80000, 0x0000000100000000)
  eden space 3584K, 100% used [0x00000000d5580000,0x00000000d5900000,0x00000000d5900000)
  from space 512K, 93% used [0x00000000d5900000,0x00000000d5978448,0x00000000d5980000)
  to   space 2560K, 0% used [0x00000000d5c00000,0x00000000d5c00000,0x00000000d5e80000)
 ParOldGen       total 439296K, used 439262K [0x0000000080000000, 0x000000009ad00000, 0x00000000d5580000)
  object space 439296K, 99% used [0x0000000080000000,0x000000009acf7a98,0x000000009ad00000)
 Metaspace       used 85596K, committed 87488K, reserved 1179648K
  class space    used 8632K, committed 9536K, reserved 1048576K
}
Event: 12830.872 GC heap after
{Heap after GC invocations=1338 (full 4):
 PSYoungGen      total 6656K, used 1824K [0x00000000d5580000, 0x00000000d5e00000, 0x0000000100000000)
  eden space 4608K, 0% used [0x00000000d5580000,0x00000000d5580000,0x00000000d5a00000)
  from space 2048K, 89% used [0x00000000d5c00000,0x00000000d5dc8000,0x00000000d5e00000)
  to   space 2048K, 0% used [0x00000000d5a00000,0x00000000d5a00000,0x00000000d5c00000)
 ParOldGen       total 439808K, used 439615K [0x0000000080000000, 0x000000009ad80000, 0x00000000d5580000)
  object space 439808K, 99% used [0x0000000080000000,0x000000009ad4fee0,0x000000009ad80000)
 Metaspace       used 85596K, committed 87488K, reserved 1179648K
  class space    used 8632K, committed 9536K, reserved 1048576K
}
Event: 12830.879 GC heap before
{Heap before GC invocations=1339 (full 4):
 PSYoungGen      total 6656K, used 6432K [0x00000000d5580000, 0x00000000d5e00000, 0x0000000100000000)
  eden space 4608K, 100% used [0x00000000d5580000,0x00000000d5a00000,0x00000000d5a00000)
  from space 2048K, 89% used [0x00000000d5c00000,0x00000000d5dc8000,0x00000000d5e00000)
  to   space 2048K, 0% used [0x00000000d5a00000,0x00000000d5a00000,0x00000000d5c00000)
 ParOldGen       total 439808K, used 439615K [0x0000000080000000, 0x000000009ad80000, 0x00000000d5580000)
  object space 439808K, 99% used [0x0000000080000000,0x000000009ad4fee0,0x000000009ad80000)
 Metaspace       used 85596K, committed 87488K, reserved 1179648K
  class space    used 8632K, committed 9536K, reserved 1048576K
}
Event: 12830.882 GC heap after
{Heap after GC invocations=1339 (full 4):
 PSYoungGen      total 6656K, used 1376K [0x00000000d5580000, 0x00000000d5f00000, 0x0000000100000000)
  eden space 4608K, 0% used [0x00000000d5580000,0x00000000d5580000,0x00000000d5a00000)
  from space 2048K, 67% used [0x00000000d5a00000,0x00000000d5b58000,0x00000000d5c00000)
  to   space 2048K, 0% used [0x00000000d5d00000,0x00000000d5d00000,0x00000000d5f00000)
 ParOldGen       total 441344K, used 441263K [0x0000000080000000, 0x000000009af00000, 0x00000000d5580000)
  object space 441344K, 99% used [0x0000000080000000,0x000000009aeebee0,0x000000009af00000)
 Metaspace       used 85596K, committed 87488K, reserved 1179648K
  class space    used 8632K, committed 9536K, reserved 1048576K
}
Event: 12830.891 GC heap before
{Heap before GC invocations=1340 (full 4):
 PSYoungGen      total 6656K, used 5984K [0x00000000d5580000, 0x00000000d5f00000, 0x0000000100000000)
  eden space 4608K, 100% used [0x00000000d5580000,0x00000000d5a00000,0x00000000d5a00000)
  from space 2048K, 67% used [0x00000000d5a00000,0x00000000d5b58000,0x00000000d5c00000)
  to   space 2048K, 0% used [0x00000000d5d00000,0x00000000d5d00000,0x00000000d5f00000)
 ParOldGen       total 441344K, used 441263K [0x0000000080000000, 0x000000009af00000, 0x00000000d5580000)
  object space 441344K, 99% used [0x0000000080000000,0x000000009aeebee0,0x000000009af00000)
 Metaspace       used 85596K, committed 87488K, reserved 1179648K
  class space    used 8632K, committed 9536K, reserved 1048576K
}
Event: 12830.893 GC heap after
{Heap after GC invocations=1340 (full 4):
 PSYoungGen      total 6656K, used 864K [0x00000000d5580000, 0x00000000d5e00000, 0x0000000100000000)
  eden space 5632K, 0% used [0x00000000d5580000,0x00000000d5580000,0x00000000d5b00000)
  from space 1024K, 84% used [0x00000000d5d00000,0x00000000d5dd8000,0x00000000d5e00000)
  to   space 1536K, 0% used [0x00000000d5b00000,0x00000000d5b00000,0x00000000d5c80000)
 ParOldGen       total 442880K, used 442453K [0x0000000080000000, 0x000000009b080000, 0x00000000d5580000)
  object space 442880K, 99% used [0x0000000080000000,0x000000009b0154d8,0x000000009b080000)
 Metaspace       used 85596K, committed 87488K, reserved 1179648K
  class space    used 8632K, committed 9536K, reserved 1048576K
}
Event: 12830.903 GC heap before
{Heap before GC invocations=1341 (full 4):
 PSYoungGen      total 6656K, used 6496K [0x00000000d5580000, 0x00000000d5e00000, 0x0000000100000000)
  eden space 5632K, 100% used [0x00000000d5580000,0x00000000d5b00000,0x00000000d5b00000)
  from space 1024K, 84% used [0x00000000d5d00000,0x00000000d5dd8000,0x00000000d5e00000)
  to   space 1536K, 0% used [0x00000000d5b00000,0x00000000d5b00000,0x00000000d5c80000)
 ParOldGen       total 442880K, used 442453K [0x0000000080000000, 0x000000009b080000, 0x00000000d5580000)
  object space 442880K, 99% used [0x0000000080000000,0x000000009b0154d8,0x000000009b080000)
 Metaspace       used 85596K, committed 87488K, reserved 1179648K
  class space    used 8632K, committed 9536K, reserved 1048576K
}
Event: 12830.905 GC heap after
{Heap after GC invocations=1341 (full 4):
 PSYoungGen      total 7168K, used 1344K [0x00000000d5580000, 0x00000000d5f80000, 0x0000000100000000)
  eden space 5632K, 0% used [0x00000000d5580000,0x00000000d5580000,0x00000000d5b00000)
  from space 1536K, 87% used [0x00000000d5b00000,0x00000000d5c50000,0x00000000d5c80000)
  to   space 1536K, 0% used [0x00000000d5e00000,0x00000000d5e00000,0x00000000d5f80000)
 ParOldGen       total 443392K, used 443149K [0x0000000080000000, 0x000000009b100000, 0x00000000d5580000)
  object space 443392K, 99% used [0x0000000080000000,0x000000009b0c34d8,0x000000009b100000)
 Metaspace       used 85596K, committed 87488K, reserved 1179648K
  class space    used 8632K, committed 9536K, reserved 1048576K
}
Event: 12830.923 GC heap before
{Heap before GC invocations=1342 (full 4):
 PSYoungGen      total 7168K, used 6976K [0x00000000d5580000, 0x00000000d5f80000, 0x0000000100000000)
  eden space 5632K, 100% used [0x00000000d5580000,0x00000000d5b00000,0x00000000d5b00000)
  from space 1536K, 87% used [0x00000000d5b00000,0x00000000d5c50000,0x00000000d5c80000)
  to   space 1536K, 0% used [0x00000000d5e00000,0x00000000d5e00000,0x00000000d5f80000)
 ParOldGen       total 443392K, used 443149K [0x0000000080000000, 0x000000009b100000, 0x00000000d5580000)
  object space 443392K, 99% used [0x0000000080000000,0x000000009b0c34d8,0x000000009b100000)
 Metaspace       used 85596K, committed 87488K, reserved 1179648K
  class space    used 8632K, committed 9536K, reserved 1048576K
}
Event: 12830.925 GC heap after
{Heap after GC invocations=1342 (full 4):
 PSYoungGen      total 7168K, used 1536K [0x00000000d5580000, 0x00000000d6100000, 0x0000000100000000)
  eden space 5632K, 0% used [0x00000000d5580000,0x00000000d5580000,0x00000000d5b00000)
  from space 1536K, 100% used [0x00000000d5e00000,0x00000000d5f80000,0x00000000d5f80000)
  to   space 3072K, 0% used [0x00000000d5b00000,0x00000000d5b00000,0x00000000d5e00000)
 ParOldGen       total 444416K, used 444253K [0x0000000080000000, 0x000000009b200000, 0x00000000d5580000)
  object space 444416K, 99% used [0x0000000080000000,0x000000009b1d74d8,0x000000009b200000)
 Metaspace       used 85596K, committed 87488K, reserved 1179648K
  class space    used 8632K, committed 9536K, reserved 1048576K
}

